<?xml version="1.0" encoding="UTF-8"?>
<!-- Generated by org.testng.reporters.JUnitReportReporter -->
<testsuite name="Select.SelectClass" tests="1" time="11.803" ignored="0" failures="0" timestamp="20 Aug 2021 10:08:51 GMT" skipped="0" hostname="LAPTOP-E5RP2P6C" errors="0">
  <testcase name="addUser" time="11.803" classname="Select.SelectClass"/>
</testsuite> <!-- Select.SelectClass -->
