<?xml version="1.0" encoding="UTF-8"?>
<!-- Generated by org.testng.reporters.JUnitReportReporter -->
<testsuite name="MonyControl.Task1" tests="1" time="9.814" ignored="0" failures="0" timestamp="30 Aug 2021 07:53:11 GMT" skipped="0" hostname="LAPTOP-E5RP2P6C" errors="0">
  <testcase name="companyName" time="9.814" classname="MonyControl.Task1"/>
</testsuite> <!-- MonyControl.Task1 -->
