<?xml version="1.0" encoding="UTF-8"?>
<!-- Generated by org.testng.reporters.JUnitReportReporter -->
<testsuite name="windows_Handler.WindowsHandler" tests="1" time="42.156" ignored="0" failures="0" timestamp="18 Aug 2021 02:44:44 GMT" skipped="0" hostname="LAPTOP-E5RP2P6C" errors="0">
  <testcase name="windowHandler" time="42.156" classname="windows_Handler.WindowsHandler"/>
</testsuite> <!-- windows_Handler.WindowsHandler -->
