<?xml version="1.0" encoding="UTF-8"?>
<!-- Generated by org.testng.reporters.JUnitReportReporter -->
<testsuite name="implementation_listeners_DXpath_Wait.DashbordPage" tests="4" time="0.954" ignored="0" failures="0" timestamp="28 Jun 2021 08:50:11 GMT" skipped="0" hostname="LAPTOP-E5RP2P6C" errors="0">
  <testcase name="subTitleofDasgboard" time="0.203" classname="implementation_listeners_DXpath_Wait.DashbordPage"/>
  <testcase name="logoutButton" time="0.293" classname="implementation_listeners_DXpath_Wait.DashbordPage"/>
  <testcase name="verifyTitle" time="0.024" classname="implementation_listeners_DXpath_Wait.DashbordPage"/>
  <testcase name="userTabLink" time="0.434" classname="implementation_listeners_DXpath_Wait.DashbordPage"/>
</testsuite> <!-- implementation_listeners_DXpath_Wait.DashbordPage -->
