<?xml version="1.0" encoding="UTF-8"?>
<!-- Generated by org.testng.reporters.JUnitReportReporter -->
<testsuite name="ActionClass.ActionClassDemo" tests="1" time="25.342" ignored="0" failures="0" timestamp="20 Aug 2021 11:54:45 GMT" skipped="0" hostname="LAPTOP-E5RP2P6C" errors="0">
  <testcase name="addUser" time="25.342" classname="ActionClass.ActionClassDemo"/>
</testsuite> <!-- ActionClass.ActionClassDemo -->
